<?xml version="1.0" encoding="UTF-8"?>
<!-- Generated by org.testng.reporters.JUnitReportReporter -->
<testsuite skipped="0" hostname="DESKTOP-QPU8RFA" name="lightpole.testcases.TakeFullScreenshot" tests="1" failures="0" timestamp="2022-06-20T17:49:39 IST" time="28.344" errors="0">
  <testcase name="Takescreenshot" time="28.344" classname="lightpole.testcases.TakeFullScreenshot"/>
  <system-out>
    <![CDATA[ScreenShot Taken]]>
  </system-out>
</testsuite> <!-- lightpole.testcases.TakeFullScreenshot -->
