<?xml version="1.0" encoding="UTF-8"?>
<!-- Generated by org.testng.reporters.JUnitReportReporter -->
<testsuite skipped="0" hostname="DESKTOP-QPU8RFA" name="lightpole.testcases.SignUpTestCase" tests="2" failures="0" timestamp="2022-06-15T14:17:23 IST" time="136.099" errors="0">
  <testcase name="Signup" time="84.619" classname="lightpole.testcases.SignUpTestCase"/>
  <system-out>
    <![CDATA[Navigated to Admin Dashboard Page
Invitation Sent Successfully
Signup Successfully]]>
  </system-out>
  <testcase name="ForgotPassword" time="51.480" classname="lightpole.testcases.SignUpTestCase"/>
  <system-out/>
</testsuite> <!-- lightpole.testcases.SignUpTestCase -->
