<?xml version="1.0" encoding="UTF-8"?>
<!-- Generated by org.testng.reporters.JUnitReportReporter -->
<testsuite skipped="0" hostname="DESKTOP-QPU8RFA" name="lightpole.testcases.EditUserTestCase" tests="5" failures="0" timestamp="2022-07-11T11:04:11 IST" time="241.826" errors="0">
  <testcase name="EditFirst_LastName" time="53.749" classname="lightpole.testcases.EditUserTestCase"/>
  <system-out/>
  <testcase name="UpdateRole" time="40.016" classname="lightpole.testcases.EditUserTestCase"/>
  <system-out/>
  <testcase name="DisableUser" time="59.828" classname="lightpole.testcases.EditUserTestCase"/>
  <system-out>
    <![CDATA[Navigated to Admin Dashboard Page]]>
  </system-out>
  <testcase name="updateEmail" time="57.911" classname="lightpole.testcases.EditUserTestCase"/>
  <system-out/>
  <testcase name="Deleteuser" time="30.322" classname="lightpole.testcases.EditUserTestCase"/>
  <system-out/>
</testsuite> <!-- lightpole.testcases.EditUserTestCase -->
