<?xml version="1.0" encoding="UTF-8"?>
<!-- Generated by org.testng.reporters.JUnitReportReporter -->
<testsuite skipped="0" hostname="DESKTOP-QPU8RFA" name="lightpole.testcases.DownloadReport" tests="5" failures="0" timestamp="2022-07-11T11:15:53 IST" time="240.732" errors="0">
  <testcase name="ReportDownload" time="32.177" classname="lightpole.testcases.DownloadReport"/>
  <system-out/>
  <testcase name="About_Link" time="4.765" classname="lightpole.testcases.DownloadReport"/>
  <system-out/>
  <testcase name="DownloadReport_Priority" time="48.597" classname="lightpole.testcases.DownloadReport"/>
  <system-out/>
  <testcase name="Representative_Condition" time="85.775" classname="lightpole.testcases.DownloadReport"/>
  <system-out/>
  <testcase name="DownloadReport_Allschool" time="69.418" classname="lightpole.testcases.DownloadReport"/>
  <system-out/>
</testsuite> <!-- lightpole.testcases.DownloadReport -->
