<?xml version="1.0" encoding="UTF-8"?>
<!-- Generated by org.testng.reporters.JUnitReportReporter -->
<testsuite skipped="0" hostname="DESKTOP-QPU8RFA" name="lightpole.testcases.SignUp_ForgotPassword_TestCase" tests="2" failures="0" timestamp="2022-07-11T11:04:11 IST" time="135.332" errors="0">
  <testcase name="Signup" time="80.541" classname="lightpole.testcases.SignUp_ForgotPassword_TestCase"/>
  <system-out/>
  <testcase name="ForgotPassword" time="54.791" classname="lightpole.testcases.SignUp_ForgotPassword_TestCase"/>
  <system-out/>
</testsuite> <!-- lightpole.testcases.SignUp_ForgotPassword_TestCase -->
