<?xml version="1.0" encoding="UTF-8"?>
<!-- Generated by org.testng.reporters.JUnitReportReporter -->
<testsuite skipped="0" hostname="DESKTOP-QPU8RFA" name="base.SignUp" tests="1" failures="0" timestamp="2022-06-06T17:32:11 IST" time="86.298" errors="0">
  <testcase name="Sign_Up" time="86.298" classname="base.SignUp"/>
  <system-out/>
</testsuite> <!-- base.SignUp -->
