<?xml version="1.0" encoding="UTF-8"?>
<!-- Generated by org.testng.reporters.JUnitReportReporter -->
<testsuite skipped="0" hostname="DESKTOP-QPU8RFA" name="lightpole.testcases.LoginTestCase" tests="1" failures="0" timestamp="2022-07-11T11:04:11 IST" time="22.461" errors="0">
  <testcase name="logintest" time="22.461" classname="lightpole.testcases.LoginTestCase"/>
  <system-out/>
</testsuite> <!-- lightpole.testcases.LoginTestCase -->
