<?xml version="1.0" encoding="UTF-8"?>
<!-- Generated by org.testng.reporters.JUnitReportReporter -->
<testsuite skipped="0" hostname="DESKTOP-QPU8RFA" name="lightpole.testcases.HighPriorityTestCase" tests="2" failures="0" timestamp="2022-07-11T11:04:11 IST" time="107.014" errors="0">
  <testcase name="SetHighPriorityimages" time="71.608" classname="lightpole.testcases.HighPriorityTestCase"/>
  <system-out/>
  <testcase name="DeselectHighPriorityImages" time="35.406" classname="lightpole.testcases.HighPriorityTestCase"/>
  <system-out/>
</testsuite> <!-- lightpole.testcases.HighPriorityTestCase -->
