<?xml version="1.0" encoding="UTF-8"?>
<!-- Generated by org.testng.reporters.JUnitReportReporter -->
<testsuite skipped="0" hostname="DESKTOP-QPU8RFA" name="lightpole.testcases.MaintainerTestCase" tests="2" failures="0" timestamp="2022-07-11T11:04:11 IST" time="127.638" errors="0">
  <testcase name="MaintainerUser" time="101.773" classname="lightpole.testcases.MaintainerTestCase"/>
  <system-out/>
  <testcase name="ReopenFixIssue" time="25.865" classname="lightpole.testcases.MaintainerTestCase"/>
  <system-out/>
</testsuite> <!-- lightpole.testcases.MaintainerTestCase -->
